{"/Users/demerique/personare/front-end-challenge/jest.setup.js": {"path":"/Users/demerique/personare/front-end-challenge/jest.setup.js","statementMap":{"0":{"start":{"line":6,"column":0},"end":{"line":6,"column":45}}},"fnMap":{},"branchMap":{},"s":{"0":5},"f":{},"b":{},"_coverageSchema":"332fd63041d2c1bcb487cc26dd0d5f7d97098a6c","hash":"34b58a0b3a8e5bc1be83cd569f2c3455bb37f5da"}
,"/Users/demerique/personare/front-end-challenge/src/js/actions/actionsTypes.js": {"path":"/Users/demerique/personare/front-end-challenge/src/js/actions/actionsTypes.js","statementMap":{"0":{"start":{"line":2,"column":32},"end":{"line":2,"column":50}},"1":{"start":{"line":3,"column":30},"end":{"line":3,"column":46}},"2":{"start":{"line":4,"column":25},"end":{"line":4,"column":36}},"3":{"start":{"line":5,"column":33},"end":{"line":5,"column":52}},"4":{"start":{"line":6,"column":37},"end":{"line":6,"column":60}},"5":{"start":{"line":7,"column":31},"end":{"line":7,"column":48}},"6":{"start":{"line":10,"column":29},"end":{"line":10,"column":44}},"7":{"start":{"line":11,"column":25},"end":{"line":11,"column":36}},"8":{"start":{"line":12,"column":30},"end":{"line":12,"column":46}},"9":{"start":{"line":13,"column":28},"end":{"line":13,"column":42}},"10":{"start":{"line":16,"column":27},"end":{"line":16,"column":40}},"11":{"start":{"line":17,"column":26},"end":{"line":17,"column":38}},"12":{"start":{"line":18,"column":27},"end":{"line":18,"column":40}},"13":{"start":{"line":21,"column":32},"end":{"line":21,"column":50}}},"fnMap":{},"branchMap":{},"s":{"0":1,"1":1,"2":1,"3":1,"4":1,"5":1,"6":1,"7":1,"8":1,"9":1,"10":1,"11":1,"12":1,"13":1},"f":{},"b":{},"_coverageSchema":"332fd63041d2c1bcb487cc26dd0d5f7d97098a6c","hash":"c3df318f9346c7f9f5e651fbb8fb90aad86bf3f2"}
,"/Users/demerique/personare/front-end-challenge/src/js/actions/game.js": {"path":"/Users/demerique/personare/front-end-challenge/src/js/actions/game.js","statementMap":{"0":{"start":{"line":16,"column":19},"end":{"line":16,"column":31}},"1":{"start":{"line":18,"column":26},"end":{"line":18,"column":57}},"2":{"start":{"line":20,"column":4},"end":{"line":23,"column":5}},"3":{"start":{"line":27,"column":4},"end":{"line":30,"column":5}},"4":{"start":{"line":34,"column":4},"end":{"line":47,"column":5}},"5":{"start":{"line":35,"column":8},"end":{"line":37,"column":9}},"6":{"start":{"line":36,"column":12},"end":{"line":36,"column":25}},"7":{"start":{"line":39,"column":8},"end":{"line":39,"column":38}},"8":{"start":{"line":40,"column":8},"end":{"line":40,"column":35}},"9":{"start":{"line":41,"column":8},"end":{"line":41,"column":37}},"10":{"start":{"line":43,"column":8},"end":{"line":46,"column":11}},"11":{"start":{"line":44,"column":12},"end":{"line":44,"column":34}},"12":{"start":{"line":45,"column":12},"end":{"line":45,"column":43}},"13":{"start":{"line":51,"column":20},"end":{"line":51,"column":50}},"14":{"start":{"line":53,"column":4},"end":{"line":56,"column":5}},"15":{"start":{"line":60,"column":4},"end":{"line":63,"column":6}},"16":{"start":{"line":66,"column":30},"end":{"line":71,"column":1}},"17":{"start":{"line":67,"column":4},"end":{"line":70,"column":6}},"18":{"start":{"line":74,"column":4},"end":{"line":77,"column":6}},"19":{"start":{"line":81,"column":4},"end":{"line":84,"column":6}},"20":{"start":{"line":88,"column":4},"end":{"line":116,"column":6}},"21":{"start":{"line":89,"column":8},"end":{"line":89,"column":42}},"22":{"start":{"line":90,"column":8},"end":{"line":90,"column":38}},"23":{"start":{"line":91,"column":8},"end":{"line":91,"column":51}},"24":{"start":{"line":93,"column":8},"end":{"line":93,"column":39}},"25":{"start":{"line":95,"column":8},"end":{"line":95,"column":41}},"26":{"start":{"line":97,"column":8},"end":{"line":115,"column":19}},"27":{"start":{"line":99,"column":20},"end":{"line":99,"column":61}},"28":{"start":{"line":100,"column":20},"end":{"line":100,"column":43}},"29":{"start":{"line":103,"column":32},"end":{"line":103,"column":53}},"30":{"start":{"line":105,"column":20},"end":{"line":105,"column":50}},"31":{"start":{"line":106,"column":20},"end":{"line":106,"column":66}},"32":{"start":{"line":107,"column":20},"end":{"line":107,"column":43}},"33":{"start":{"line":110,"column":20},"end":{"line":110,"column":54}},"34":{"start":{"line":111,"column":20},"end":{"line":111,"column":51}},"35":{"start":{"line":114,"column":20},"end":{"line":114,"column":40}},"36":{"start":{"line":120,"column":4},"end":{"line":133,"column":6}},"37":{"start":{"line":121,"column":8},"end":{"line":121,"column":38}},"38":{"start":{"line":122,"column":8},"end":{"line":122,"column":43}},"39":{"start":{"line":123,"column":8},"end":{"line":123,"column":49}},"40":{"start":{"line":124,"column":8},"end":{"line":124,"column":31}},"41":{"start":{"line":126,"column":8},"end":{"line":132,"column":19}},"42":{"start":{"line":128,"column":20},"end":{"line":128,"column":51}},"43":{"start":{"line":131,"column":20},"end":{"line":131,"column":40}}},"fnMap":{"0":{"name":"shuffleCards","decl":{"start":{"line":15,"column":16},"end":{"line":15,"column":28}},"loc":{"start":{"line":15,"column":36},"end":{"line":24,"column":1}},"line":15},"1":{"name":"flipCard","decl":{"start":{"line":26,"column":16},"end":{"line":26,"column":24}},"loc":{"start":{"line":26,"column":33},"end":{"line":31,"column":1}},"line":26},"2":{"name":"flipCardThenOpenModal","decl":{"start":{"line":33,"column":16},"end":{"line":33,"column":37}},"loc":{"start":{"line":33,"column":46},"end":{"line":48,"column":1}},"line":33},"3":{"name":"(anonymous_3)","decl":{"start":{"line":34,"column":11},"end":{"line":34,"column":12}},"loc":{"start":{"line":34,"column":35},"end":{"line":47,"column":5}},"line":34},"4":{"name":"(anonymous_4)","decl":{"start":{"line":43,"column":36},"end":{"line":43,"column":37}},"loc":{"start":{"line":43,"column":42},"end":{"line":46,"column":9}},"line":43},"5":{"name":"flipAllCards","decl":{"start":{"line":50,"column":16},"end":{"line":50,"column":28}},"loc":{"start":{"line":50,"column":35},"end":{"line":57,"column":1}},"line":50},"6":{"name":"changeAnimationMode","decl":{"start":{"line":59,"column":16},"end":{"line":59,"column":35}},"loc":{"start":{"line":59,"column":42},"end":{"line":64,"column":1}},"line":59},"7":{"name":"(anonymous_7)","decl":{"start":{"line":66,"column":30},"end":{"line":66,"column":31}},"loc":{"start":{"line":66,"column":45},"end":{"line":71,"column":1}},"line":66},"8":{"name":"changeGameStarted","decl":{"start":{"line":73,"column":16},"end":{"line":73,"column":33}},"loc":{"start":{"line":73,"column":47},"end":{"line":78,"column":1}},"line":73},"9":{"name":"toggleDisable","decl":{"start":{"line":80,"column":16},"end":{"line":80,"column":29}},"loc":{"start":{"line":80,"column":41},"end":{"line":85,"column":1}},"line":80},"10":{"name":"initGame","decl":{"start":{"line":87,"column":16},"end":{"line":87,"column":24}},"loc":{"start":{"line":87,"column":27},"end":{"line":117,"column":1}},"line":87},"11":{"name":"(anonymous_11)","decl":{"start":{"line":88,"column":11},"end":{"line":88,"column":12}},"loc":{"start":{"line":88,"column":35},"end":{"line":116,"column":5}},"line":88},"12":{"name":"(anonymous_12)","decl":{"start":{"line":98,"column":22},"end":{"line":98,"column":23}},"loc":{"start":{"line":98,"column":28},"end":{"line":101,"column":17}},"line":98},"13":{"name":"(anonymous_13)","decl":{"start":{"line":102,"column":22},"end":{"line":102,"column":23}},"loc":{"start":{"line":102,"column":28},"end":{"line":108,"column":17}},"line":102},"14":{"name":"(anonymous_14)","decl":{"start":{"line":109,"column":22},"end":{"line":109,"column":23}},"loc":{"start":{"line":109,"column":28},"end":{"line":115,"column":17}},"line":109},"15":{"name":"restartGame","decl":{"start":{"line":119,"column":16},"end":{"line":119,"column":27}},"loc":{"start":{"line":119,"column":30},"end":{"line":134,"column":1}},"line":119},"16":{"name":"(anonymous_16)","decl":{"start":{"line":120,"column":11},"end":{"line":120,"column":12}},"loc":{"start":{"line":120,"column":35},"end":{"line":133,"column":5}},"line":120},"17":{"name":"(anonymous_17)","decl":{"start":{"line":127,"column":22},"end":{"line":127,"column":23}},"loc":{"start":{"line":127,"column":28},"end":{"line":132,"column":17}},"line":127}},"branchMap":{"0":{"loc":{"start":{"line":35,"column":8},"end":{"line":37,"column":9}},"type":"if","locations":[{"start":{"line":35,"column":8},"end":{"line":37,"column":9}},{"start":{"line":35,"column":8},"end":{"line":37,"column":9}}],"line":35},"1":{"loc":{"start":{"line":51,"column":20},"end":{"line":51,"column":50}},"type":"cond-expr","locations":[{"start":{"line":51,"column":38},"end":{"line":51,"column":42}},{"start":{"line":51,"column":45},"end":{"line":51,"column":50}}],"line":51}},"s":{"0":0,"1":0,"2":0,"3":0,"4":0,"5":0,"6":0,"7":0,"8":0,"9":0,"10":0,"11":0,"12":0,"13":0,"14":0,"15":0,"16":1,"17":0,"18":0,"19":0,"20":0,"21":0,"22":0,"23":0,"24":0,"25":0,"26":0,"27":0,"28":0,"29":0,"30":0,"31":0,"32":0,"33":0,"34":0,"35":0,"36":0,"37":0,"38":0,"39":0,"40":0,"41":0,"42":0,"43":0},"f":{"0":0,"1":0,"2":0,"3":0,"4":0,"5":0,"6":0,"7":0,"8":0,"9":0,"10":0,"11":0,"12":0,"13":0,"14":0,"15":0,"16":0,"17":0},"b":{"0":[0,0],"1":[0,0]},"_coverageSchema":"332fd63041d2c1bcb487cc26dd0d5f7d97098a6c","hash":"08a8670690072514ffde083513b21b19ab2f8d24"}
,"/Users/demerique/personare/front-end-challenge/src/js/actions/modal.js": {"path":"/Users/demerique/personare/front-end-challenge/src/js/actions/modal.js","statementMap":{"0":{"start":{"line":8,"column":4},"end":{"line":11,"column":6}},"1":{"start":{"line":15,"column":4},"end":{"line":17,"column":6}},"2":{"start":{"line":21,"column":4},"end":{"line":23,"column":6}}},"fnMap":{"0":{"name":"selectCard","decl":{"start":{"line":7,"column":16},"end":{"line":7,"column":26}},"loc":{"start":{"line":7,"column":35},"end":{"line":12,"column":1}},"line":7},"1":{"name":"openModal","decl":{"start":{"line":14,"column":16},"end":{"line":14,"column":25}},"loc":{"start":{"line":14,"column":28},"end":{"line":18,"column":1}},"line":14},"2":{"name":"closeModal","decl":{"start":{"line":20,"column":16},"end":{"line":20,"column":26}},"loc":{"start":{"line":20,"column":29},"end":{"line":24,"column":1}},"line":20}},"branchMap":{},"s":{"0":0,"1":0,"2":0},"f":{"0":0,"1":0,"2":0},"b":{},"_coverageSchema":"332fd63041d2c1bcb487cc26dd0d5f7d97098a6c","hash":"ffd198509b8fc168fdea490f3a00bdef911b4ea4"}
,"/Users/demerique/personare/front-end-challenge/src/js/actions/tip.js": {"path":"/Users/demerique/personare/front-end-challenge/src/js/actions/tip.js","statementMap":{"0":{"start":{"line":6,"column":4},"end":{"line":9,"column":6}}},"fnMap":{"0":{"name":"changeTipState","decl":{"start":{"line":5,"column":16},"end":{"line":5,"column":30}},"loc":{"start":{"line":5,"column":41},"end":{"line":10,"column":1}},"line":5}},"branchMap":{},"s":{"0":0},"f":{"0":0},"b":{},"_coverageSchema":"332fd63041d2c1bcb487cc26dd0d5f7d97098a6c","hash":"426ba3d652d338596591a9fdf7d8e0abfbf18eda"}
,"/Users/demerique/personare/front-end-challenge/src/js/components/Card.js": {"path":"/Users/demerique/personare/front-end-challenge/src/js/components/Card.js","statementMap":{"0":{"start":{"line":7,"column":8},"end":{"line":7,"column":21}},"1":{"start":{"line":9,"column":8},"end":{"line":9,"column":65}},"2":{"start":{"line":10,"column":8},"end":{"line":10,"column":49}},"3":{"start":{"line":14,"column":8},"end":{"line":14,"column":75}},"4":{"start":{"line":15,"column":8},"end":{"line":15,"column":32}},"5":{"start":{"line":19,"column":8},"end":{"line":19,"column":32}},"6":{"start":{"line":23,"column":8},"end":{"line":23,"column":68}},"7":{"start":{"line":27,"column":22},"end":{"line":27,"column":80}},"8":{"start":{"line":28,"column":31},"end":{"line":28,"column":81}},"9":{"start":{"line":30,"column":8},"end":{"line":30,"column":86}},"10":{"start":{"line":31,"column":8},"end":{"line":31,"column":80}},"11":{"start":{"line":35,"column":69},"end":{"line":35,"column":79}},"12":{"start":{"line":36,"column":21},"end":{"line":36,"column":41}},"13":{"start":{"line":38,"column":8},"end":{"line":40,"column":9}},"14":{"start":{"line":39,"column":12},"end":{"line":39,"column":39}},"15":{"start":{"line":42,"column":26},"end":{"line":42,"column":42}},"16":{"start":{"line":43,"column":27},"end":{"line":43,"column":44}},"17":{"start":{"line":44,"column":28},"end":{"line":44,"column":30}},"18":{"start":{"line":46,"column":31},"end":{"line":46,"column":50}},"19":{"start":{"line":47,"column":29},"end":{"line":47,"column":48}},"20":{"start":{"line":49,"column":27},"end":{"line":49,"column":65}},"21":{"start":{"line":50,"column":26},"end":{"line":50,"column":63}},"22":{"start":{"line":52,"column":8},"end":{"line":52,"column":86}},"23":{"start":{"line":53,"column":8},"end":{"line":53,"column":80}},"24":{"start":{"line":56,"column":8},"end":{"line":60,"column":9}},"25":{"start":{"line":57,"column":33},"end":{"line":57,"column":88}},"26":{"start":{"line":59,"column":12},"end":{"line":59,"column":63}},"27":{"start":{"line":65,"column":74},"end":{"line":65,"column":84}},"28":{"start":{"line":67,"column":25},"end":{"line":67,"column":49}},"29":{"start":{"line":69,"column":8},"end":{"line":84,"column":10}},"30":{"start":{"line":73,"column":33},"end":{"line":73,"column":62}}},"fnMap":{"0":{"name":"(anonymous_0)","decl":{"start":{"line":6,"column":4},"end":{"line":6,"column":5}},"loc":{"start":{"line":6,"column":23},"end":{"line":11,"column":5}},"line":6},"1":{"name":"(anonymous_1)","decl":{"start":{"line":13,"column":4},"end":{"line":13,"column":5}},"loc":{"start":{"line":13,"column":24},"end":{"line":16,"column":5}},"line":13},"2":{"name":"(anonymous_2)","decl":{"start":{"line":18,"column":4},"end":{"line":18,"column":5}},"loc":{"start":{"line":18,"column":25},"end":{"line":20,"column":5}},"line":18},"3":{"name":"(anonymous_3)","decl":{"start":{"line":22,"column":4},"end":{"line":22,"column":5}},"loc":{"start":{"line":22,"column":27},"end":{"line":24,"column":5}},"line":22},"4":{"name":"(anonymous_4)","decl":{"start":{"line":26,"column":4},"end":{"line":26,"column":5}},"loc":{"start":{"line":26,"column":19},"end":{"line":32,"column":5}},"line":26},"5":{"name":"(anonymous_5)","decl":{"start":{"line":34,"column":4},"end":{"line":34,"column":5}},"loc":{"start":{"line":34,"column":23},"end":{"line":62,"column":5}},"line":34},"6":{"name":"(anonymous_6)","decl":{"start":{"line":64,"column":4},"end":{"line":64,"column":5}},"loc":{"start":{"line":64,"column":13},"end":{"line":85,"column":5}},"line":64},"7":{"name":"(anonymous_7)","decl":{"start":{"line":73,"column":25},"end":{"line":73,"column":26}},"loc":{"start":{"line":73,"column":31},"end":{"line":73,"column":64}},"line":73}},"branchMap":{"0":{"loc":{"start":{"line":38,"column":8},"end":{"line":40,"column":9}},"type":"if","locations":[{"start":{"line":38,"column":8},"end":{"line":40,"column":9}},{"start":{"line":38,"column":8},"end":{"line":40,"column":9}}],"line":38},"1":{"loc":{"start":{"line":56,"column":8},"end":{"line":60,"column":9}},"type":"if","locations":[{"start":{"line":56,"column":8},"end":{"line":60,"column":9}},{"start":{"line":56,"column":8},"end":{"line":60,"column":9}}],"line":56},"2":{"loc":{"start":{"line":67,"column":25},"end":{"line":67,"column":49}},"type":"cond-expr","locations":[{"start":{"line":67,"column":35},"end":{"line":67,"column":44}},{"start":{"line":67,"column":47},"end":{"line":67,"column":49}}],"line":67}},"s":{"0":0,"1":0,"2":0,"3":0,"4":0,"5":0,"6":0,"7":0,"8":0,"9":0,"10":0,"11":0,"12":0,"13":0,"14":0,"15":0,"16":0,"17":0,"18":0,"19":0,"20":0,"21":0,"22":0,"23":0,"24":0,"25":0,"26":0,"27":0,"28":0,"29":0,"30":0},"f":{"0":0,"1":0,"2":0,"3":0,"4":0,"5":0,"6":0,"7":0},"b":{"0":[0,0],"1":[0,0],"2":[0,0]},"_coverageSchema":"332fd63041d2c1bcb487cc26dd0d5f7d97098a6c","hash":"30de7c0ce35e718fbb9d5396b91b2d1253ad8f4c"}
,"/Users/demerique/personare/front-end-challenge/src/js/components/CardPicture.js": {"path":"/Users/demerique/personare/front-end-challenge/src/js/components/CardPicture.js","statementMap":{"0":{"start":{"line":3,"column":20},"end":{"line":7,"column":1}},"1":{"start":{"line":4,"column":4},"end":{"line":6,"column":10}}},"fnMap":{"0":{"name":"(anonymous_0)","decl":{"start":{"line":3,"column":20},"end":{"line":3,"column":21}},"loc":{"start":{"line":4,"column":4},"end":{"line":6,"column":10}},"line":4}},"branchMap":{},"s":{"0":2,"1":1},"f":{"0":1},"b":{},"_coverageSchema":"332fd63041d2c1bcb487cc26dd0d5f7d97098a6c","hash":"2f425b4585580bf9b612752bd549cd6baa8dd62c"}
,"/Users/demerique/personare/front-end-challenge/src/js/components/Loading.js": {"path":"/Users/demerique/personare/front-end-challenge/src/js/components/Loading.js","statementMap":{"0":{"start":{"line":3,"column":16},"end":{"line":7,"column":1}},"1":{"start":{"line":4,"column":4},"end":{"line":6,"column":11}}},"fnMap":{"0":{"name":"(anonymous_0)","decl":{"start":{"line":3,"column":16},"end":{"line":3,"column":17}},"loc":{"start":{"line":4,"column":4},"end":{"line":6,"column":11}},"line":4}},"branchMap":{},"s":{"0":1,"1":0},"f":{"0":0},"b":{},"_coverageSchema":"332fd63041d2c1bcb487cc26dd0d5f7d97098a6c","hash":"fe3914ab925ea8ed0caf268d6aa4e84708d3a8f4"}
,"/Users/demerique/personare/front-end-challenge/src/js/components/MagicBtn.js": {"path":"/Users/demerique/personare/front-end-challenge/src/js/components/MagicBtn.js","statementMap":{"0":{"start":{"line":5,"column":8},"end":{"line":5,"column":21}},"1":{"start":{"line":9,"column":8},"end":{"line":45,"column":10}}},"fnMap":{"0":{"name":"(anonymous_0)","decl":{"start":{"line":4,"column":4},"end":{"line":4,"column":5}},"loc":{"start":{"line":4,"column":23},"end":{"line":6,"column":5}},"line":4},"1":{"name":"(anonymous_1)","decl":{"start":{"line":8,"column":4},"end":{"line":8,"column":5}},"loc":{"start":{"line":8,"column":13},"end":{"line":46,"column":5}},"line":8}},"branchMap":{},"s":{"0":1,"1":1},"f":{"0":1,"1":1},"b":{},"_coverageSchema":"332fd63041d2c1bcb487cc26dd0d5f7d97098a6c","hash":"39dcff811c885ade80e35060cc6511a4173b0df3"}
,"/Users/demerique/personare/front-end-challenge/src/js/components/Modal.js": {"path":"/Users/demerique/personare/front-end-challenge/src/js/components/Modal.js","statementMap":{"0":{"start":{"line":6,"column":8},"end":{"line":6,"column":21}},"1":{"start":{"line":10,"column":44},"end":{"line":10,"column":54}},"2":{"start":{"line":12,"column":8},"end":{"line":32,"column":10}}},"fnMap":{"0":{"name":"(anonymous_0)","decl":{"start":{"line":5,"column":4},"end":{"line":5,"column":5}},"loc":{"start":{"line":5,"column":23},"end":{"line":7,"column":5}},"line":5},"1":{"name":"(anonymous_1)","decl":{"start":{"line":9,"column":4},"end":{"line":9,"column":5}},"loc":{"start":{"line":9,"column":13},"end":{"line":33,"column":5}},"line":9}},"branchMap":{"0":{"loc":{"start":{"line":16,"column":17},"end":{"line":30,"column":17}},"type":"binary-expr","locations":[{"start":{"line":16,"column":17},"end":{"line":16,"column":21}},{"start":{"line":17,"column":20},"end":{"line":29,"column":26}}],"line":16}},"s":{"0":3,"1":3,"2":3},"f":{"0":3,"1":3},"b":{"0":[3,3]},"_coverageSchema":"332fd63041d2c1bcb487cc26dd0d5f7d97098a6c","hash":"c1ae2a220e69346dc25187549a66df42cec53dc8"}
,"/Users/demerique/personare/front-end-challenge/src/js/containers/CardList.js": {"path":"/Users/demerique/personare/front-end-challenge/src/js/containers/CardList.js","statementMap":{"0":{"start":{"line":10,"column":8},"end":{"line":10,"column":21}},"1":{"start":{"line":11,"column":8},"end":{"line":11,"column":59}},"2":{"start":{"line":15,"column":8},"end":{"line":15,"column":62}},"3":{"start":{"line":19,"column":8},"end":{"line":19,"column":65}},"4":{"start":{"line":23,"column":8},"end":{"line":23,"column":29}},"5":{"start":{"line":27,"column":24},"end":{"line":27,"column":64}},"6":{"start":{"line":29,"column":8},"end":{"line":29,"column":36}},"7":{"start":{"line":29,"column":23},"end":{"line":29,"column":36}},"8":{"start":{"line":31,"column":8},"end":{"line":31,"column":42}},"9":{"start":{"line":35,"column":8},"end":{"line":37,"column":9}},"10":{"start":{"line":36,"column":12},"end":{"line":36,"column":49}},"11":{"start":{"line":39,"column":52},"end":{"line":39,"column":67}},"12":{"start":{"line":41,"column":47},"end":{"line":41,"column":57}},"13":{"start":{"line":42,"column":27},"end":{"line":42,"column":39}},"14":{"start":{"line":44,"column":27},"end":{"line":68,"column":10}},"15":{"start":{"line":45,"column":29},"end":{"line":45,"column":70}},"16":{"start":{"line":47,"column":27},"end":{"line":47,"column":54}},"17":{"start":{"line":48,"column":27},"end":{"line":48,"column":76}},"18":{"start":{"line":50,"column":30},"end":{"line":50,"column":57}},"19":{"start":{"line":52,"column":12},"end":{"line":67,"column":14}},"20":{"start":{"line":70,"column":8},"end":{"line":74,"column":10}},"21":{"start":{"line":78,"column":24},"end":{"line":85,"column":1}},"22":{"start":{"line":79,"column":4},"end":{"line":84,"column":6}},"23":{"start":{"line":87,"column":27},"end":{"line":96,"column":1}},"24":{"start":{"line":88,"column":4},"end":{"line":95,"column":6}},"25":{"start":{"line":90,"column":12},"end":{"line":90,"column":52}},"26":{"start":{"line":93,"column":12},"end":{"line":93,"column":47}},"27":{"start":{"line":98,"column":25},"end":{"line":98,"column":33}}},"fnMap":{"0":{"name":"(anonymous_0)","decl":{"start":{"line":9,"column":4},"end":{"line":9,"column":5}},"loc":{"start":{"line":9,"column":23},"end":{"line":12,"column":5}},"line":9},"1":{"name":"(anonymous_1)","decl":{"start":{"line":14,"column":4},"end":{"line":14,"column":5}},"loc":{"start":{"line":14,"column":24},"end":{"line":16,"column":5}},"line":14},"2":{"name":"(anonymous_2)","decl":{"start":{"line":18,"column":4},"end":{"line":18,"column":5}},"loc":{"start":{"line":18,"column":27},"end":{"line":20,"column":5}},"line":18},"3":{"name":"(anonymous_3)","decl":{"start":{"line":22,"column":4},"end":{"line":22,"column":5}},"loc":{"start":{"line":22,"column":25},"end":{"line":24,"column":5}},"line":22},"4":{"name":"(anonymous_4)","decl":{"start":{"line":26,"column":4},"end":{"line":26,"column":5}},"loc":{"start":{"line":26,"column":20},"end":{"line":32,"column":5}},"line":26},"5":{"name":"(anonymous_5)","decl":{"start":{"line":34,"column":4},"end":{"line":34,"column":5}},"loc":{"start":{"line":34,"column":13},"end":{"line":75,"column":5}},"line":34},"6":{"name":"(anonymous_6)","decl":{"start":{"line":44,"column":37},"end":{"line":44,"column":38}},"loc":{"start":{"line":44,"column":54},"end":{"line":68,"column":9}},"line":44},"7":{"name":"(anonymous_7)","decl":{"start":{"line":78,"column":24},"end":{"line":78,"column":25}},"loc":{"start":{"line":78,"column":35},"end":{"line":85,"column":1}},"line":78},"8":{"name":"(anonymous_8)","decl":{"start":{"line":87,"column":27},"end":{"line":87,"column":28}},"loc":{"start":{"line":87,"column":41},"end":{"line":96,"column":1}},"line":87},"9":{"name":"(anonymous_9)","decl":{"start":{"line":89,"column":31},"end":{"line":89,"column":32}},"loc":{"start":{"line":89,"column":43},"end":{"line":91,"column":9}},"line":89},"10":{"name":"(anonymous_10)","decl":{"start":{"line":92,"column":21},"end":{"line":92,"column":22}},"loc":{"start":{"line":92,"column":36},"end":{"line":94,"column":9}},"line":92}},"branchMap":{"0":{"loc":{"start":{"line":29,"column":8},"end":{"line":29,"column":36}},"type":"if","locations":[{"start":{"line":29,"column":8},"end":{"line":29,"column":36}},{"start":{"line":29,"column":8},"end":{"line":29,"column":36}}],"line":29},"1":{"loc":{"start":{"line":35,"column":8},"end":{"line":37,"column":9}},"type":"if","locations":[{"start":{"line":35,"column":8},"end":{"line":37,"column":9}},{"start":{"line":35,"column":8},"end":{"line":37,"column":9}}],"line":35},"2":{"loc":{"start":{"line":45,"column":29},"end":{"line":45,"column":70}},"type":"cond-expr","locations":[{"start":{"line":45,"column":65},"end":{"line":45,"column":66}},{"start":{"line":45,"column":69},"end":{"line":45,"column":70}}],"line":45}},"s":{"0":2,"1":2,"2":2,"3":0,"4":2,"5":2,"6":2,"7":2,"8":0,"9":2,"10":0,"11":2,"12":2,"13":2,"14":2,"15":6,"16":6,"17":6,"18":6,"19":6,"20":2,"21":1,"22":0,"23":1,"24":0,"25":0,"26":0,"27":1},"f":{"0":2,"1":2,"2":0,"3":2,"4":2,"5":2,"6":6,"7":0,"8":0,"9":0,"10":0},"b":{"0":[2,0],"1":[0,2],"2":[2,4]},"_coverageSchema":"332fd63041d2c1bcb487cc26dd0d5f7d97098a6c","hash":"265d32fad663770729a5e818aaa8f09f572c954f"}
,"/Users/demerique/personare/front-end-challenge/src/js/helpers/utils.js": {"path":"/Users/demerique/personare/front-end-challenge/src/js/helpers/utils.js","statementMap":{"0":{"start":{"line":1,"column":29},"end":{"line":6,"column":1}},"1":{"start":{"line":3,"column":21},"end":{"line":3,"column":134}},"2":{"start":{"line":5,"column":4},"end":{"line":5,"column":22}},"3":{"start":{"line":8,"column":32},"end":{"line":25,"column":1}},"4":{"start":{"line":9,"column":28},"end":{"line":9,"column":43}},"5":{"start":{"line":12,"column":4},"end":{"line":18,"column":5}},"6":{"start":{"line":13,"column":8},"end":{"line":13,"column":22}},"7":{"start":{"line":14,"column":11},"end":{"line":18,"column":5}},"8":{"start":{"line":15,"column":8},"end":{"line":15,"column":22}},"9":{"start":{"line":16,"column":11},"end":{"line":18,"column":5}},"10":{"start":{"line":17,"column":8},"end":{"line":17,"column":22}},"11":{"start":{"line":20,"column":4},"end":{"line":22,"column":5}},"12":{"start":{"line":21,"column":8},"end":{"line":21,"column":21}},"13":{"start":{"line":24,"column":4},"end":{"line":24,"column":21}},"14":{"start":{"line":27,"column":30},"end":{"line":44,"column":1}},"15":{"start":{"line":29,"column":21},"end":{"line":35,"column":6}},"16":{"start":{"line":30,"column":8},"end":{"line":34,"column":10}},"17":{"start":{"line":38,"column":4},"end":{"line":43,"column":6}},"18":{"start":{"line":46,"column":37},"end":{"line":64,"column":1}},"19":{"start":{"line":48,"column":21},"end":{"line":48,"column":31}},"20":{"start":{"line":50,"column":23},"end":{"line":50,"column":40}},"21":{"start":{"line":54,"column":4},"end":{"line":61,"column":5}},"22":{"start":{"line":55,"column":8},"end":{"line":55,"column":63}},"23":{"start":{"line":56,"column":8},"end":{"line":56,"column":26}},"24":{"start":{"line":58,"column":8},"end":{"line":58,"column":59}},"25":{"start":{"line":59,"column":8},"end":{"line":59,"column":77}},"26":{"start":{"line":60,"column":8},"end":{"line":60,"column":58}},"27":{"start":{"line":63,"column":4},"end":{"line":63,"column":22}},"28":{"start":{"line":66,"column":29},"end":{"line":77,"column":1}},"29":{"start":{"line":67,"column":18},"end":{"line":67,"column":53}},"30":{"start":{"line":69,"column":4},"end":{"line":76,"column":7}},"31":{"start":{"line":70,"column":8},"end":{"line":75,"column":16}},"32":{"start":{"line":71,"column":12},"end":{"line":74,"column":22}},"33":{"start":{"line":72,"column":16},"end":{"line":72,"column":80}},"34":{"start":{"line":73,"column":16},"end":{"line":73,"column":33}},"35":{"start":{"line":79,"column":25},"end":{"line":84,"column":1}},"36":{"start":{"line":80,"column":16},"end":{"line":80,"column":55}},"37":{"start":{"line":82,"column":4},"end":{"line":82,"column":50}},"38":{"start":{"line":83,"column":4},"end":{"line":83,"column":30}}},"fnMap":{"0":{"name":"(anonymous_0)","decl":{"start":{"line":1,"column":29},"end":{"line":1,"column":30}},"loc":{"start":{"line":1,"column":35},"end":{"line":6,"column":1}},"line":1},"1":{"name":"(anonymous_1)","decl":{"start":{"line":8,"column":32},"end":{"line":8,"column":33}},"loc":{"start":{"line":8,"column":56},"end":{"line":25,"column":1}},"line":8},"2":{"name":"(anonymous_2)","decl":{"start":{"line":27,"column":30},"end":{"line":27,"column":31}},"loc":{"start":{"line":27,"column":40},"end":{"line":44,"column":1}},"line":27},"3":{"name":"(anonymous_3)","decl":{"start":{"line":29,"column":36},"end":{"line":29,"column":37}},"loc":{"start":{"line":29,"column":52},"end":{"line":35,"column":5}},"line":29},"4":{"name":"(anonymous_4)","decl":{"start":{"line":46,"column":37},"end":{"line":46,"column":38}},"loc":{"start":{"line":46,"column":48},"end":{"line":64,"column":1}},"line":46},"5":{"name":"(anonymous_5)","decl":{"start":{"line":66,"column":29},"end":{"line":66,"column":30}},"loc":{"start":{"line":66,"column":37},"end":{"line":77,"column":1}},"line":66},"6":{"name":"(anonymous_6)","decl":{"start":{"line":69,"column":23},"end":{"line":69,"column":24}},"loc":{"start":{"line":69,"column":44},"end":{"line":76,"column":5}},"line":69},"7":{"name":"(anonymous_7)","decl":{"start":{"line":70,"column":20},"end":{"line":70,"column":21}},"loc":{"start":{"line":70,"column":26},"end":{"line":75,"column":9}},"line":70},"8":{"name":"animationFinished","decl":{"start":{"line":71,"column":63},"end":{"line":71,"column":80}},"loc":{"start":{"line":71,"column":83},"end":{"line":74,"column":13}},"line":71},"9":{"name":"(anonymous_9)","decl":{"start":{"line":79,"column":25},"end":{"line":79,"column":26}},"loc":{"start":{"line":79,"column":35},"end":{"line":84,"column":1}},"line":79}},"branchMap":{"0":{"loc":{"start":{"line":12,"column":4},"end":{"line":18,"column":5}},"type":"if","locations":[{"start":{"line":12,"column":4},"end":{"line":18,"column":5}},{"start":{"line":12,"column":4},"end":{"line":18,"column":5}}],"line":12},"1":{"loc":{"start":{"line":14,"column":11},"end":{"line":18,"column":5}},"type":"if","locations":[{"start":{"line":14,"column":11},"end":{"line":18,"column":5}},{"start":{"line":14,"column":11},"end":{"line":18,"column":5}}],"line":14},"2":{"loc":{"start":{"line":16,"column":11},"end":{"line":18,"column":5}},"type":"if","locations":[{"start":{"line":16,"column":11},"end":{"line":18,"column":5}},{"start":{"line":16,"column":11},"end":{"line":18,"column":5}}],"line":16},"3":{"loc":{"start":{"line":20,"column":4},"end":{"line":22,"column":5}},"type":"if","locations":[{"start":{"line":20,"column":4},"end":{"line":22,"column":5}},{"start":{"line":20,"column":4},"end":{"line":22,"column":5}}],"line":20}},"s":{"0":2,"1":2,"2":2,"3":2,"4":2,"5":2,"6":0,"7":2,"8":0,"9":2,"10":0,"11":2,"12":0,"13":2,"14":2,"15":3,"16":9,"17":3,"18":2,"19":2,"20":2,"21":2,"22":6,"23":6,"24":6,"25":6,"26":6,"27":2,"28":2,"29":0,"30":0,"31":0,"32":0,"33":0,"34":0,"35":2,"36":0,"37":0,"38":0},"f":{"0":2,"1":2,"2":3,"3":9,"4":2,"5":0,"6":0,"7":0,"8":0,"9":0},"b":{"0":[0,2],"1":[0,2],"2":[0,2],"3":[0,2]},"_coverageSchema":"332fd63041d2c1bcb487cc26dd0d5f7d97098a6c","hash":"e0ebec8ef7f548df23f133cad7f112d19ad24bd7"}
}
