TN:
SF:/Users/demerique/personare/front-end-challenge/jest.setup.js
FNF:0
FNH:0
DA:6,5
LF:1
LH:1
BRF:0
BRH:0
end_of_record
TN:
SF:/Users/demerique/personare/front-end-challenge/src/js/actions/actionsTypes.js
FNF:0
FNH:0
DA:2,1
DA:3,1
DA:4,1
DA:5,1
DA:6,1
DA:7,1
DA:10,1
DA:11,1
DA:12,1
DA:13,1
DA:16,1
DA:17,1
DA:18,1
DA:21,1
LF:14
LH:14
BRF:0
BRH:0
end_of_record
TN:
SF:/Users/demerique/personare/front-end-challenge/src/js/actions/game.js
FN:15,shuffleCards
FN:26,flipCard
FN:33,flipCardThenOpenModal
FN:34,(anonymous_3)
FN:43,(anonymous_4)
FN:50,flipAllCards
FN:59,changeAnimationMode
FN:66,(anonymous_7)
FN:73,changeGameStarted
FN:80,toggleDisable
FN:87,initGame
FN:88,(anonymous_11)
FN:98,(anonymous_12)
FN:102,(anonymous_13)
FN:109,(anonymous_14)
FN:119,restartGame
FN:120,(anonymous_16)
FN:127,(anonymous_17)
FNF:18
FNH:0
FNDA:0,shuffleCards
FNDA:0,flipCard
FNDA:0,flipCardThenOpenModal
FNDA:0,(anonymous_3)
FNDA:0,(anonymous_4)
FNDA:0,flipAllCards
FNDA:0,changeAnimationMode
FNDA:0,(anonymous_7)
FNDA:0,changeGameStarted
FNDA:0,toggleDisable
FNDA:0,initGame
FNDA:0,(anonymous_11)
FNDA:0,(anonymous_12)
FNDA:0,(anonymous_13)
FNDA:0,(anonymous_14)
FNDA:0,restartGame
FNDA:0,(anonymous_16)
FNDA:0,(anonymous_17)
DA:16,0
DA:18,0
DA:20,0
DA:27,0
DA:34,0
DA:35,0
DA:36,0
DA:39,0
DA:40,0
DA:41,0
DA:43,0
DA:44,0
DA:45,0
DA:51,0
DA:53,0
DA:60,0
DA:66,1
DA:67,0
DA:74,0
DA:81,0
DA:88,0
DA:89,0
DA:90,0
DA:91,0
DA:93,0
DA:95,0
DA:97,0
DA:99,0
DA:100,0
DA:103,0
DA:105,0
DA:106,0
DA:107,0
DA:110,0
DA:111,0
DA:114,0
DA:120,0
DA:121,0
DA:122,0
DA:123,0
DA:124,0
DA:126,0
DA:128,0
DA:131,0
LF:44
LH:1
BRDA:35,0,0,0
BRDA:35,0,1,0
BRDA:51,1,0,0
BRDA:51,1,1,0
BRF:4
BRH:0
end_of_record
TN:
SF:/Users/demerique/personare/front-end-challenge/src/js/actions/modal.js
FN:7,selectCard
FN:14,openModal
FN:20,closeModal
FNF:3
FNH:0
FNDA:0,selectCard
FNDA:0,openModal
FNDA:0,closeModal
DA:8,0
DA:15,0
DA:21,0
LF:3
LH:0
BRF:0
BRH:0
end_of_record
TN:
SF:/Users/demerique/personare/front-end-challenge/src/js/actions/tip.js
FN:5,changeTipState
FNF:1
FNH:0
FNDA:0,changeTipState
DA:6,0
LF:1
LH:0
BRF:0
BRH:0
end_of_record
TN:
SF:/Users/demerique/personare/front-end-challenge/src/js/components/Card.js
FN:6,(anonymous_0)
FN:13,(anonymous_1)
FN:18,(anonymous_2)
FN:22,(anonymous_3)
FN:26,(anonymous_4)
FN:34,(anonymous_5)
FN:64,(anonymous_6)
FN:73,(anonymous_7)
FNF:8
FNH:0
FNDA:0,(anonymous_0)
FNDA:0,(anonymous_1)
FNDA:0,(anonymous_2)
FNDA:0,(anonymous_3)
FNDA:0,(anonymous_4)
FNDA:0,(anonymous_5)
FNDA:0,(anonymous_6)
FNDA:0,(anonymous_7)
DA:7,0
DA:9,0
DA:10,0
DA:14,0
DA:15,0
DA:19,0
DA:23,0
DA:27,0
DA:28,0
DA:30,0
DA:31,0
DA:35,0
DA:36,0
DA:38,0
DA:39,0
DA:42,0
DA:43,0
DA:44,0
DA:46,0
DA:47,0
DA:49,0
DA:50,0
DA:52,0
DA:53,0
DA:56,0
DA:57,0
DA:59,0
DA:65,0
DA:67,0
DA:69,0
DA:73,0
LF:31
LH:0
BRDA:38,0,0,0
BRDA:38,0,1,0
BRDA:56,1,0,0
BRDA:56,1,1,0
BRDA:67,2,0,0
BRDA:67,2,1,0
BRF:6
BRH:0
end_of_record
TN:
SF:/Users/demerique/personare/front-end-challenge/src/js/components/CardPicture.js
FN:3,(anonymous_0)
FNF:1
FNH:1
FNDA:1,(anonymous_0)
DA:3,2
DA:4,1
LF:2
LH:2
BRF:0
BRH:0
end_of_record
TN:
SF:/Users/demerique/personare/front-end-challenge/src/js/components/Loading.js
FN:3,(anonymous_0)
FNF:1
FNH:0
FNDA:0,(anonymous_0)
DA:3,1
DA:4,0
LF:2
LH:1
BRF:0
BRH:0
end_of_record
TN:
SF:/Users/demerique/personare/front-end-challenge/src/js/components/MagicBtn.js
FN:4,(anonymous_0)
FN:8,(anonymous_1)
FNF:2
FNH:2
FNDA:1,(anonymous_0)
FNDA:1,(anonymous_1)
DA:5,1
DA:9,1
LF:2
LH:2
BRF:0
BRH:0
end_of_record
TN:
SF:/Users/demerique/personare/front-end-challenge/src/js/components/Modal.js
FN:5,(anonymous_0)
FN:9,(anonymous_1)
FNF:2
FNH:2
FNDA:3,(anonymous_0)
FNDA:3,(anonymous_1)
DA:6,3
DA:10,3
DA:12,3
LF:3
LH:3
BRDA:16,0,0,3
BRDA:16,0,1,3
BRF:2
BRH:2
end_of_record
TN:
SF:/Users/demerique/personare/front-end-challenge/src/js/containers/CardList.js
FN:9,(anonymous_0)
FN:14,(anonymous_1)
FN:18,(anonymous_2)
FN:22,(anonymous_3)
FN:26,(anonymous_4)
FN:34,(anonymous_5)
FN:44,(anonymous_6)
FN:78,(anonymous_7)
FN:87,(anonymous_8)
FN:89,(anonymous_9)
FN:92,(anonymous_10)
FNF:11
FNH:6
FNDA:2,(anonymous_0)
FNDA:2,(anonymous_1)
FNDA:0,(anonymous_2)
FNDA:2,(anonymous_3)
FNDA:2,(anonymous_4)
FNDA:2,(anonymous_5)
FNDA:6,(anonymous_6)
FNDA:0,(anonymous_7)
FNDA:0,(anonymous_8)
FNDA:0,(anonymous_9)
FNDA:0,(anonymous_10)
DA:10,2
DA:11,2
DA:15,2
DA:19,0
DA:23,2
DA:27,2
DA:29,2
DA:31,0
DA:35,2
DA:36,0
DA:39,2
DA:41,2
DA:42,2
DA:44,2
DA:45,6
DA:47,6
DA:48,6
DA:50,6
DA:52,6
DA:70,2
DA:78,1
DA:79,0
DA:87,1
DA:88,0
DA:90,0
DA:93,0
DA:98,1
LF:27
LH:20
BRDA:29,0,0,2
BRDA:29,0,1,0
BRDA:35,1,0,0
BRDA:35,1,1,2
BRDA:45,2,0,2
BRDA:45,2,1,4
BRF:6
BRH:4
end_of_record
TN:
SF:/Users/demerique/personare/front-end-challenge/src/js/helpers/utils.js
FN:1,(anonymous_0)
FN:8,(anonymous_1)
FN:27,(anonymous_2)
FN:29,(anonymous_3)
FN:46,(anonymous_4)
FN:66,(anonymous_5)
FN:69,(anonymous_6)
FN:70,(anonymous_7)
FN:71,animationFinished
FN:79,(anonymous_9)
FNF:10
FNH:5
FNDA:2,(anonymous_0)
FNDA:2,(anonymous_1)
FNDA:3,(anonymous_2)
FNDA:9,(anonymous_3)
FNDA:2,(anonymous_4)
FNDA:0,(anonymous_5)
FNDA:0,(anonymous_6)
FNDA:0,(anonymous_7)
FNDA:0,animationFinished
FNDA:0,(anonymous_9)
DA:1,2
DA:3,2
DA:5,2
DA:8,2
DA:9,2
DA:12,2
DA:13,0
DA:14,2
DA:15,0
DA:16,2
DA:17,0
DA:20,2
DA:21,0
DA:24,2
DA:27,2
DA:29,3
DA:30,9
DA:38,3
DA:46,2
DA:48,2
DA:50,2
DA:54,2
DA:55,6
DA:56,6
DA:58,6
DA:59,6
DA:60,6
DA:63,2
DA:66,2
DA:67,0
DA:69,0
DA:70,0
DA:71,0
DA:72,0
DA:73,0
DA:79,2
DA:80,0
DA:82,0
DA:83,0
LF:39
LH:26
BRDA:12,0,0,0
BRDA:12,0,1,2
BRDA:14,1,0,0
BRDA:14,1,1,2
BRDA:16,2,0,0
BRDA:16,2,1,2
BRDA:20,3,0,0
BRDA:20,3,1,2
BRF:8
BRH:4
end_of_record
